<?xml version="1.0" encoding="UTF-8"?>
<testsuite name="com.carros.controller.AuthorBookControllerTest" tests="1" skipped="0" failures="0" errors="0" timestamp="2023-01-31T20:54:02" hostname="DANIEL" time="0.437">
  <properties/>
  <testcase name="addAuthorBook()" classname="com.carros.controller.AuthorBookControllerTest" time="0.437"/>
  <system-out><![CDATA[17:54:03.022 [Test worker] INFO com.carros.controller.AuthorBookController - Esta no adicionando o autor
17:54:03.163 [Test worker] INFO org.reflections.Reflections - Reflections took 19 ms to scan 0 urls, producing 0 keys and 0 values
]]></system-out>
  <system-err><![CDATA[]]></system-err>
</testsuite>
